2018-02-12 22:10:08.0087 | TRACE | MediaShop.WebApi.Areas.Content.Controllers.Filters.LoggingFilterAttribute | method name: GetListOnSale, OS: Microsoft Windows NT 10.0.16299.0
2018-02-12 22:10:08.0387 | TRACE | MediaShop.WebApi.Areas.Content.Controllers.Filters.LoggingFilterAttribute | request: http://localhost:51289/api/product/GetListOnSale, Connection: keep-alive
Accept: application/json, text/plain, */*
Accept-Encoding: gzip, deflate, br
Accept-Language: ru-RU, ru; q=0.9, en-US; q=0.8, en; q=0.7
Host: localhost:51289
Referer: http://localhost:4200/
User-Agent: Mozilla/5.0 (Windows NT 10.0; Win64; x64) AppleWebKit/537.36 (KHTML, like Gecko) Chrome/64.0.3282.140 Safari/537.36
Origin: http://localhost:4200

2018-02-12 22:10:08.0432 | TRACE | MediaShop.WebApi.Areas.Content.Controllers.Filters.LoggingFilterAttribute | method name: GetListOnSale, OS: Microsoft Windows NT 10.0.16299.0
2018-02-12 22:10:08.0432 | TRACE | MediaShop.WebApi.Areas.Content.Controllers.Filters.LoggingFilterAttribute | request: http://localhost:51289/api/product/GetListOnSale, Connection: keep-alive
Accept: application/json, text/plain, */*
Accept-Encoding: gzip, deflate, br
Accept-Language: ru-RU, ru; q=0.9, en-US; q=0.8, en; q=0.7
Host: localhost:51289
Referer: http://localhost:4200/
User-Agent: Mozilla/5.0 (Windows NT 10.0; Win64; x64) AppleWebKit/537.36 (KHTML, like Gecko) Chrome/64.0.3282.140 Safari/537.36
Origin: http://localhost:4200

2018-02-12 22:10:15.5033 | TRACE | MediaShop.WebApi.Areas.Content.Controllers.Filters.LoggingFilterAttribute | executed: 7459 ms, response: OK
2018-02-12 22:10:15.5033 | TRACE | MediaShop.WebApi.Areas.Content.Controllers.Filters.LoggingFilterAttribute | executed: 7459 ms, response: OK
2018-02-12 22:23:51.3258 | TRACE | MediaShop.WebApi.Areas.Content.Controllers.Filters.LoggingFilterAttribute | method name: GetListOnSale, OS: Microsoft Windows NT 10.0.16299.0
2018-02-12 22:23:51.3258 | TRACE | MediaShop.WebApi.Areas.Content.Controllers.Filters.LoggingFilterAttribute | request: http://localhost:51289/api/product/GetListOnSale, Connection: keep-alive
Accept: application/json, text/plain, */*
Accept-Encoding: gzip, deflate, br
Accept-Language: ru-RU, ru; q=0.9, en-US; q=0.8, en; q=0.7
Host: localhost:51289
Referer: http://localhost:4200/
User-Agent: Mozilla/5.0 (Windows NT 10.0; Win64; x64) AppleWebKit/537.36 (KHTML, like Gecko) Chrome/64.0.3282.140 Safari/537.36
Origin: http://localhost:4200

2018-02-12 22:23:51.3258 | TRACE | MediaShop.WebApi.Areas.Content.Controllers.Filters.LoggingFilterAttribute | method name: GetListOnSale, OS: Microsoft Windows NT 10.0.16299.0
2018-02-12 22:23:51.3258 | TRACE | MediaShop.WebApi.Areas.Content.Controllers.Filters.LoggingFilterAttribute | request: http://localhost:51289/api/product/GetListOnSale, Connection: keep-alive
Accept: application/json, text/plain, */*
Accept-Encoding: gzip, deflate, br
Accept-Language: ru-RU, ru; q=0.9, en-US; q=0.8, en; q=0.7
Host: localhost:51289
Referer: http://localhost:4200/
User-Agent: Mozilla/5.0 (Windows NT 10.0; Win64; x64) AppleWebKit/537.36 (KHTML, like Gecko) Chrome/64.0.3282.140 Safari/537.36
Origin: http://localhost:4200

2018-02-12 22:23:52.6844 | TRACE | MediaShop.WebApi.Areas.Content.Controllers.Filters.LoggingFilterAttribute | executed: 1355 ms, response: OK
2018-02-12 22:23:52.6844 | TRACE | MediaShop.WebApi.Areas.Content.Controllers.Filters.LoggingFilterAttribute | executed: 1355 ms, response: OK
2018-02-12 22:23:52.9253 | TRACE | MediaShop.WebApi.Areas.Content.Controllers.Filters.LoggingFilterAttribute | method name: GetListOnSale, OS: Microsoft Windows NT 10.0.16299.0
2018-02-12 22:23:52.9253 | TRACE | MediaShop.WebApi.Areas.Content.Controllers.Filters.LoggingFilterAttribute | request: http://localhost:51289/api/product/GetListOnSale, Connection: keep-alive
Accept: application/json, text/plain, */*
Accept-Encoding: gzip, deflate, br
Accept-Language: ru-RU, ru; q=0.9, en-US; q=0.8, en; q=0.7
Host: localhost:51289
Referer: http://localhost:4200/
User-Agent: Mozilla/5.0 (Windows NT 10.0; Win64; x64) AppleWebKit/537.36 (KHTML, like Gecko) Chrome/64.0.3282.140 Safari/537.36
Origin: http://localhost:4200

2018-02-12 22:23:52.9253 | TRACE | MediaShop.WebApi.Areas.Content.Controllers.Filters.LoggingFilterAttribute | method name: GetListOnSale, OS: Microsoft Windows NT 10.0.16299.0
2018-02-12 22:23:52.9253 | TRACE | MediaShop.WebApi.Areas.Content.Controllers.Filters.LoggingFilterAttribute | request: http://localhost:51289/api/product/GetListOnSale, Connection: keep-alive
Accept: application/json, text/plain, */*
Accept-Encoding: gzip, deflate, br
Accept-Language: ru-RU, ru; q=0.9, en-US; q=0.8, en; q=0.7
Host: localhost:51289
Referer: http://localhost:4200/
User-Agent: Mozilla/5.0 (Windows NT 10.0; Win64; x64) AppleWebKit/537.36 (KHTML, like Gecko) Chrome/64.0.3282.140 Safari/537.36
Origin: http://localhost:4200

2018-02-12 22:23:52.9453 | TRACE | MediaShop.WebApi.Areas.Content.Controllers.Filters.LoggingFilterAttribute | executed: 17 ms, response: OK
2018-02-12 22:23:52.9453 | TRACE | MediaShop.WebApi.Areas.Content.Controllers.Filters.LoggingFilterAttribute | executed: 17 ms, response: OK
2018-02-12 22:25:07.3861 | TRACE | MediaShop.WebApi.Areas.Content.Controllers.Filters.LoggingFilterAttribute | method name: GetListOnSale, OS: Microsoft Windows NT 10.0.16299.0
2018-02-12 22:25:07.3861 | TRACE | MediaShop.WebApi.Areas.Content.Controllers.Filters.LoggingFilterAttribute | request: http://localhost:51289/api/product/GetListOnSale, Connection: keep-alive
Accept: application/json, text/plain, */*
Accept-Encoding: gzip, deflate, br
Accept-Language: ru-RU, ru; q=0.9, en-US; q=0.8, en; q=0.7
Host: localhost:51289
Referer: http://localhost:4200/
User-Agent: Mozilla/5.0 (Windows NT 10.0; Win64; x64) AppleWebKit/537.36 (KHTML, like Gecko) Chrome/64.0.3282.140 Safari/537.36
Origin: http://localhost:4200

2018-02-12 22:25:07.3861 | TRACE | MediaShop.WebApi.Areas.Content.Controllers.Filters.LoggingFilterAttribute | method name: GetListOnSale, OS: Microsoft Windows NT 10.0.16299.0
2018-02-12 22:25:07.3861 | TRACE | MediaShop.WebApi.Areas.Content.Controllers.Filters.LoggingFilterAttribute | request: http://localhost:51289/api/product/GetListOnSale, Connection: keep-alive
Accept: application/json, text/plain, */*
Accept-Encoding: gzip, deflate, br
Accept-Language: ru-RU, ru; q=0.9, en-US; q=0.8, en; q=0.7
Host: localhost:51289
Referer: http://localhost:4200/
User-Agent: Mozilla/5.0 (Windows NT 10.0; Win64; x64) AppleWebKit/537.36 (KHTML, like Gecko) Chrome/64.0.3282.140 Safari/537.36
Origin: http://localhost:4200

2018-02-12 22:25:07.8984 | TRACE | MediaShop.WebApi.Areas.Content.Controllers.Filters.LoggingFilterAttribute | executed: 509 ms, response: OK
2018-02-12 22:25:07.8984 | TRACE | MediaShop.WebApi.Areas.Content.Controllers.Filters.LoggingFilterAttribute | executed: 509 ms, response: OK
2018-02-12 22:25:09.2239 | TRACE | MediaShop.WebApi.Areas.Content.Controllers.Filters.LoggingFilterAttribute | method name: GetListOnSale, OS: Microsoft Windows NT 10.0.16299.0
2018-02-12 22:25:09.2239 | TRACE | MediaShop.WebApi.Areas.Content.Controllers.Filters.LoggingFilterAttribute | request: http://localhost:51289/api/product/GetListOnSale, Connection: keep-alive
Accept: application/json, text/plain, */*
Accept-Encoding: gzip, deflate, br
Accept-Language: ru-RU, ru; q=0.9, en-US; q=0.8, en; q=0.7
Host: localhost:51289
Referer: http://localhost:4200/
User-Agent: Mozilla/5.0 (Windows NT 10.0; Win64; x64) AppleWebKit/537.36 (KHTML, like Gecko) Chrome/64.0.3282.140 Safari/537.36
Origin: http://localhost:4200

2018-02-12 22:25:09.2239 | TRACE | MediaShop.WebApi.Areas.Content.Controllers.Filters.LoggingFilterAttribute | method name: GetListOnSale, OS: Microsoft Windows NT 10.0.16299.0
2018-02-12 22:25:09.2239 | TRACE | MediaShop.WebApi.Areas.Content.Controllers.Filters.LoggingFilterAttribute | request: http://localhost:51289/api/product/GetListOnSale, Connection: keep-alive
Accept: application/json, text/plain, */*
Accept-Encoding: gzip, deflate, br
Accept-Language: ru-RU, ru; q=0.9, en-US; q=0.8, en; q=0.7
Host: localhost:51289
Referer: http://localhost:4200/
User-Agent: Mozilla/5.0 (Windows NT 10.0; Win64; x64) AppleWebKit/537.36 (KHTML, like Gecko) Chrome/64.0.3282.140 Safari/537.36
Origin: http://localhost:4200

2018-02-12 22:25:09.2455 | TRACE | MediaShop.WebApi.Areas.Content.Controllers.Filters.LoggingFilterAttribute | executed: 19 ms, response: OK
2018-02-12 22:25:09.2455 | TRACE | MediaShop.WebApi.Areas.Content.Controllers.Filters.LoggingFilterAttribute | executed: 19 ms, response: OK
