2018-02-15 16:39:05.7200 | TRACE | MediaShop.WebApi.Areas.Content.Controllers.Filters.LoggingFilterAttribute | method name: GetListOnSale, OS: Microsoft Windows NT 10.0.16299.0
2018-02-15 16:39:05.7420 | TRACE | MediaShop.WebApi.Areas.Content.Controllers.Filters.LoggingFilterAttribute | request: http://localhost:51289/api/product/GetListOnSale, Connection: keep-alive
Accept: application/json, text/plain, */*
Accept-Encoding: gzip, deflate, br
Accept-Language: ru-RU, ru; q=0.9, en-US; q=0.8, en; q=0.7
Host: localhost:51289
Referer: http://localhost:4200/
User-Agent: Mozilla/5.0 (Windows NT 10.0; Win64; x64) AppleWebKit/537.36 (KHTML, like Gecko) Chrome/64.0.3282.167 Safari/537.36
Origin: http://localhost:4200

2018-02-15 16:39:05.7460 | TRACE | MediaShop.WebApi.Areas.Content.Controllers.Filters.LoggingFilterAttribute | method name: GetListOnSale, OS: Microsoft Windows NT 10.0.16299.0
2018-02-15 16:39:05.7460 | TRACE | MediaShop.WebApi.Areas.Content.Controllers.Filters.LoggingFilterAttribute | request: http://localhost:51289/api/product/GetListOnSale, Connection: keep-alive
Accept: application/json, text/plain, */*
Accept-Encoding: gzip, deflate, br
Accept-Language: ru-RU, ru; q=0.9, en-US; q=0.8, en; q=0.7
Host: localhost:51289
Referer: http://localhost:4200/
User-Agent: Mozilla/5.0 (Windows NT 10.0; Win64; x64) AppleWebKit/537.36 (KHTML, like Gecko) Chrome/64.0.3282.167 Safari/537.36
Origin: http://localhost:4200

2018-02-15 16:39:08.3544 | TRACE | MediaShop.WebApi.Areas.Content.Controllers.Filters.LoggingFilterAttribute | executed: 2607 ms, response: OK
2018-02-15 16:39:08.3544 | TRACE | MediaShop.WebApi.Areas.Content.Controllers.Filters.LoggingFilterAttribute | executed: 2607 ms, response: OK
2018-02-15 16:42:44.9347 | TRACE | MediaShop.WebApi.Areas.Content.Controllers.Filters.LoggingFilterAttribute | method name: GetListOnSale, OS: Microsoft Windows NT 10.0.16299.0
2018-02-15 16:42:44.9347 | TRACE | MediaShop.WebApi.Areas.Content.Controllers.Filters.LoggingFilterAttribute | request: http://localhost:51289/api/product/GetListOnSale, Connection: keep-alive
Accept: application/json, text/plain, */*
Accept-Encoding: gzip, deflate, br
Accept-Language: ru-RU, ru; q=0.9, en-US; q=0.8, en; q=0.7
Host: localhost:51289
Referer: http://localhost:4200/
User-Agent: Mozilla/5.0 (Windows NT 10.0; Win64; x64) AppleWebKit/537.36 (KHTML, like Gecko) Chrome/64.0.3282.167 Safari/537.36
Origin: http://localhost:4200

2018-02-15 16:42:44.9347 | TRACE | MediaShop.WebApi.Areas.Content.Controllers.Filters.LoggingFilterAttribute | method name: GetListOnSale, OS: Microsoft Windows NT 10.0.16299.0
2018-02-15 16:42:44.9347 | TRACE | MediaShop.WebApi.Areas.Content.Controllers.Filters.LoggingFilterAttribute | request: http://localhost:51289/api/product/GetListOnSale, Connection: keep-alive
Accept: application/json, text/plain, */*
Accept-Encoding: gzip, deflate, br
Accept-Language: ru-RU, ru; q=0.9, en-US; q=0.8, en; q=0.7
Host: localhost:51289
Referer: http://localhost:4200/
User-Agent: Mozilla/5.0 (Windows NT 10.0; Win64; x64) AppleWebKit/537.36 (KHTML, like Gecko) Chrome/64.0.3282.167 Safari/537.36
Origin: http://localhost:4200

2018-02-15 16:42:44.9527 | TRACE | MediaShop.WebApi.Areas.Content.Controllers.Filters.LoggingFilterAttribute | executed: 13 ms, response: OK
2018-02-15 16:42:44.9527 | TRACE | MediaShop.WebApi.Areas.Content.Controllers.Filters.LoggingFilterAttribute | executed: 13 ms, response: OK
2018-02-15 16:42:59.7497 | TRACE | MediaShop.WebApi.Areas.Content.Controllers.Filters.LoggingFilterAttribute | method name: GetListOnSale, OS: Microsoft Windows NT 10.0.16299.0
2018-02-15 16:42:59.7497 | TRACE | MediaShop.WebApi.Areas.Content.Controllers.Filters.LoggingFilterAttribute | request: http://localhost:51289/api/product/GetListOnSale, Connection: keep-alive
Accept: application/json, text/plain, */*
Accept-Encoding: gzip, deflate, br
Accept-Language: ru-RU, ru; q=0.9, en-US; q=0.8, en; q=0.7
Host: localhost:51289
Referer: http://localhost:4200/
User-Agent: Mozilla/5.0 (Windows NT 10.0; Win64; x64) AppleWebKit/537.36 (KHTML, like Gecko) Chrome/64.0.3282.167 Safari/537.36
Origin: http://localhost:4200

2018-02-15 16:42:59.7497 | TRACE | MediaShop.WebApi.Areas.Content.Controllers.Filters.LoggingFilterAttribute | method name: GetListOnSale, OS: Microsoft Windows NT 10.0.16299.0
2018-02-15 16:42:59.7497 | TRACE | MediaShop.WebApi.Areas.Content.Controllers.Filters.LoggingFilterAttribute | request: http://localhost:51289/api/product/GetListOnSale, Connection: keep-alive
Accept: application/json, text/plain, */*
Accept-Encoding: gzip, deflate, br
Accept-Language: ru-RU, ru; q=0.9, en-US; q=0.8, en; q=0.7
Host: localhost:51289
Referer: http://localhost:4200/
User-Agent: Mozilla/5.0 (Windows NT 10.0; Win64; x64) AppleWebKit/537.36 (KHTML, like Gecko) Chrome/64.0.3282.167 Safari/537.36
Origin: http://localhost:4200

2018-02-15 16:42:59.7592 | TRACE | MediaShop.WebApi.Areas.Content.Controllers.Filters.LoggingFilterAttribute | executed: 6 ms, response: OK
2018-02-15 16:42:59.7592 | TRACE | MediaShop.WebApi.Areas.Content.Controllers.Filters.LoggingFilterAttribute | executed: 6 ms, response: OK
2018-02-15 16:43:22.4767 | TRACE | MediaShop.WebApi.Areas.Content.Controllers.Filters.LoggingFilterAttribute | method name: GetListOnSale, OS: Microsoft Windows NT 10.0.16299.0
2018-02-15 16:43:22.4767 | TRACE | MediaShop.WebApi.Areas.Content.Controllers.Filters.LoggingFilterAttribute | request: http://localhost:51289/api/product/GetListOnSale, Connection: keep-alive
Accept: application/json, text/plain, */*
Accept-Encoding: gzip, deflate, br
Accept-Language: ru-RU, ru; q=0.9, en-US; q=0.8, en; q=0.7
Host: localhost:51289
Referer: http://localhost:4200/
User-Agent: Mozilla/5.0 (Windows NT 10.0; Win64; x64) AppleWebKit/537.36 (KHTML, like Gecko) Chrome/64.0.3282.167 Safari/537.36
Origin: http://localhost:4200

2018-02-15 16:43:22.4767 | TRACE | MediaShop.WebApi.Areas.Content.Controllers.Filters.LoggingFilterAttribute | method name: GetListOnSale, OS: Microsoft Windows NT 10.0.16299.0
2018-02-15 16:43:22.4767 | TRACE | MediaShop.WebApi.Areas.Content.Controllers.Filters.LoggingFilterAttribute | request: http://localhost:51289/api/product/GetListOnSale, Connection: keep-alive
Accept: application/json, text/plain, */*
Accept-Encoding: gzip, deflate, br
Accept-Language: ru-RU, ru; q=0.9, en-US; q=0.8, en; q=0.7
Host: localhost:51289
Referer: http://localhost:4200/
User-Agent: Mozilla/5.0 (Windows NT 10.0; Win64; x64) AppleWebKit/537.36 (KHTML, like Gecko) Chrome/64.0.3282.167 Safari/537.36
Origin: http://localhost:4200

2018-02-15 16:43:22.4767 | TRACE | MediaShop.WebApi.Areas.Content.Controllers.Filters.LoggingFilterAttribute | executed: 7 ms, response: OK
2018-02-15 16:43:22.4767 | TRACE | MediaShop.WebApi.Areas.Content.Controllers.Filters.LoggingFilterAttribute | executed: 7 ms, response: OK
2018-02-15 16:44:11.2719 | TRACE | MediaShop.WebApi.Areas.Content.Controllers.Filters.LoggingFilterAttribute | method name: GetListOnSale, OS: Microsoft Windows NT 10.0.16299.0
2018-02-15 16:44:11.2729 | TRACE | MediaShop.WebApi.Areas.Content.Controllers.Filters.LoggingFilterAttribute | request: http://localhost:51289/api/product/GetListOnSale, Connection: keep-alive
Accept: application/json, text/plain, */*
Accept-Encoding: gzip, deflate, br
Accept-Language: ru-RU, ru; q=0.9, en-US; q=0.8, en; q=0.7
Host: localhost:51289
Referer: http://localhost:4200/
User-Agent: Mozilla/5.0 (Windows NT 10.0; Win64; x64) AppleWebKit/537.36 (KHTML, like Gecko) Chrome/64.0.3282.167 Safari/537.36
Origin: http://localhost:4200

2018-02-15 16:44:11.2729 | TRACE | MediaShop.WebApi.Areas.Content.Controllers.Filters.LoggingFilterAttribute | method name: GetListOnSale, OS: Microsoft Windows NT 10.0.16299.0
2018-02-15 16:44:11.2729 | TRACE | MediaShop.WebApi.Areas.Content.Controllers.Filters.LoggingFilterAttribute | request: http://localhost:51289/api/product/GetListOnSale, Connection: keep-alive
Accept: application/json, text/plain, */*
Accept-Encoding: gzip, deflate, br
Accept-Language: ru-RU, ru; q=0.9, en-US; q=0.8, en; q=0.7
Host: localhost:51289
Referer: http://localhost:4200/
User-Agent: Mozilla/5.0 (Windows NT 10.0; Win64; x64) AppleWebKit/537.36 (KHTML, like Gecko) Chrome/64.0.3282.167 Safari/537.36
Origin: http://localhost:4200

2018-02-15 16:44:11.2729 | TRACE | MediaShop.WebApi.Areas.Content.Controllers.Filters.LoggingFilterAttribute | executed: 10 ms, response: OK
2018-02-15 16:44:11.2729 | TRACE | MediaShop.WebApi.Areas.Content.Controllers.Filters.LoggingFilterAttribute | executed: 10 ms, response: OK
2018-02-15 16:46:33.9529 | TRACE | MediaShop.WebApi.Areas.Content.Controllers.Filters.LoggingFilterAttribute | method name: GetListOnSale, OS: Microsoft Windows NT 10.0.16299.0
2018-02-15 16:46:33.9529 | TRACE | MediaShop.WebApi.Areas.Content.Controllers.Filters.LoggingFilterAttribute | request: http://localhost:51289/api/product/GetListOnSale, Connection: keep-alive
Accept: application/json, text/plain, */*
Accept-Encoding: gzip, deflate, br
Accept-Language: ru-RU, ru; q=0.9, en-US; q=0.8, en; q=0.7
Host: localhost:51289
Referer: http://localhost:4200/
User-Agent: Mozilla/5.0 (Windows NT 10.0; Win64; x64) AppleWebKit/537.36 (KHTML, like Gecko) Chrome/64.0.3282.167 Safari/537.36
Origin: http://localhost:4200

2018-02-15 16:46:33.9529 | TRACE | MediaShop.WebApi.Areas.Content.Controllers.Filters.LoggingFilterAttribute | method name: GetListOnSale, OS: Microsoft Windows NT 10.0.16299.0
2018-02-15 16:46:33.9529 | TRACE | MediaShop.WebApi.Areas.Content.Controllers.Filters.LoggingFilterAttribute | request: http://localhost:51289/api/product/GetListOnSale, Connection: keep-alive
Accept: application/json, text/plain, */*
Accept-Encoding: gzip, deflate, br
Accept-Language: ru-RU, ru; q=0.9, en-US; q=0.8, en; q=0.7
Host: localhost:51289
Referer: http://localhost:4200/
User-Agent: Mozilla/5.0 (Windows NT 10.0; Win64; x64) AppleWebKit/537.36 (KHTML, like Gecko) Chrome/64.0.3282.167 Safari/537.36
Origin: http://localhost:4200

2018-02-15 16:46:33.9649 | TRACE | MediaShop.WebApi.Areas.Content.Controllers.Filters.LoggingFilterAttribute | executed: 9 ms, response: OK
2018-02-15 16:46:33.9649 | TRACE | MediaShop.WebApi.Areas.Content.Controllers.Filters.LoggingFilterAttribute | executed: 9 ms, response: OK
2018-02-15 16:54:42.1547 | TRACE | MediaShop.WebApi.Areas.Content.Controllers.Filters.LoggingFilterAttribute | method name: GetListOnSale, OS: Microsoft Windows NT 10.0.16299.0
2018-02-15 16:54:42.1547 | TRACE | MediaShop.WebApi.Areas.Content.Controllers.Filters.LoggingFilterAttribute | request: http://localhost:51289/api/product/GetListOnSale, Connection: keep-alive
Accept: application/json, text/plain, */*
Accept-Encoding: gzip, deflate, br
Accept-Language: ru-RU, ru; q=0.9, en-US; q=0.8, en; q=0.7
Host: localhost:51289
Referer: http://localhost:4200/
User-Agent: Mozilla/5.0 (Windows NT 10.0; Win64; x64) AppleWebKit/537.36 (KHTML, like Gecko) Chrome/64.0.3282.167 Safari/537.36
Origin: http://localhost:4200

2018-02-15 16:54:42.1547 | TRACE | MediaShop.WebApi.Areas.Content.Controllers.Filters.LoggingFilterAttribute | method name: GetListOnSale, OS: Microsoft Windows NT 10.0.16299.0
2018-02-15 16:54:42.1547 | TRACE | MediaShop.WebApi.Areas.Content.Controllers.Filters.LoggingFilterAttribute | request: http://localhost:51289/api/product/GetListOnSale, Connection: keep-alive
Accept: application/json, text/plain, */*
Accept-Encoding: gzip, deflate, br
Accept-Language: ru-RU, ru; q=0.9, en-US; q=0.8, en; q=0.7
Host: localhost:51289
Referer: http://localhost:4200/
User-Agent: Mozilla/5.0 (Windows NT 10.0; Win64; x64) AppleWebKit/537.36 (KHTML, like Gecko) Chrome/64.0.3282.167 Safari/537.36
Origin: http://localhost:4200

2018-02-15 16:54:42.2289 | TRACE | MediaShop.WebApi.Areas.Content.Controllers.Filters.LoggingFilterAttribute | executed: 71 ms, response: OK
2018-02-15 16:54:42.2289 | TRACE | MediaShop.WebApi.Areas.Content.Controllers.Filters.LoggingFilterAttribute | executed: 71 ms, response: OK
2018-02-15 16:56:03.2674 | TRACE | MediaShop.WebApi.Areas.Content.Controllers.Filters.LoggingFilterAttribute | method name: GetListOnSale, OS: Microsoft Windows NT 10.0.16299.0
2018-02-15 16:56:03.2674 | TRACE | MediaShop.WebApi.Areas.Content.Controllers.Filters.LoggingFilterAttribute | request: http://localhost:51289/api/product/GetListOnSale, Connection: keep-alive
Accept: application/json, text/plain, */*
Accept-Encoding: gzip, deflate, br
Accept-Language: ru-RU, ru; q=0.9, en-US; q=0.8, en; q=0.7
Host: localhost:51289
Referer: http://localhost:4200/
User-Agent: Mozilla/5.0 (Windows NT 10.0; Win64; x64) AppleWebKit/537.36 (KHTML, like Gecko) Chrome/64.0.3282.167 Safari/537.36
Origin: http://localhost:4200

2018-02-15 16:56:03.2674 | TRACE | MediaShop.WebApi.Areas.Content.Controllers.Filters.LoggingFilterAttribute | method name: GetListOnSale, OS: Microsoft Windows NT 10.0.16299.0
2018-02-15 16:56:03.2674 | TRACE | MediaShop.WebApi.Areas.Content.Controllers.Filters.LoggingFilterAttribute | request: http://localhost:51289/api/product/GetListOnSale, Connection: keep-alive
Accept: application/json, text/plain, */*
Accept-Encoding: gzip, deflate, br
Accept-Language: ru-RU, ru; q=0.9, en-US; q=0.8, en; q=0.7
Host: localhost:51289
Referer: http://localhost:4200/
User-Agent: Mozilla/5.0 (Windows NT 10.0; Win64; x64) AppleWebKit/537.36 (KHTML, like Gecko) Chrome/64.0.3282.167 Safari/537.36
Origin: http://localhost:4200

2018-02-15 16:56:03.3045 | TRACE | MediaShop.WebApi.Areas.Content.Controllers.Filters.LoggingFilterAttribute | executed: 35 ms, response: OK
2018-02-15 16:56:03.3045 | TRACE | MediaShop.WebApi.Areas.Content.Controllers.Filters.LoggingFilterAttribute | executed: 35 ms, response: OK
2018-02-15 16:56:20.0628 | TRACE | MediaShop.WebApi.Areas.Content.Controllers.Filters.LoggingFilterAttribute | method name: GetListOnSale, OS: Microsoft Windows NT 10.0.16299.0
2018-02-15 16:56:20.0628 | TRACE | MediaShop.WebApi.Areas.Content.Controllers.Filters.LoggingFilterAttribute | request: http://localhost:51289/api/product/GetListOnSale, Connection: keep-alive
Accept: application/json, text/plain, */*
Accept-Encoding: gzip, deflate, br
Accept-Language: ru-RU, ru; q=0.9, en-US; q=0.8, en; q=0.7
Host: localhost:51289
Referer: http://localhost:4200/
User-Agent: Mozilla/5.0 (Windows NT 10.0; Win64; x64) AppleWebKit/537.36 (KHTML, like Gecko) Chrome/64.0.3282.167 Safari/537.36
Origin: http://localhost:4200

2018-02-15 16:56:20.0628 | TRACE | MediaShop.WebApi.Areas.Content.Controllers.Filters.LoggingFilterAttribute | method name: GetListOnSale, OS: Microsoft Windows NT 10.0.16299.0
2018-02-15 16:56:20.0628 | TRACE | MediaShop.WebApi.Areas.Content.Controllers.Filters.LoggingFilterAttribute | request: http://localhost:51289/api/product/GetListOnSale, Connection: keep-alive
Accept: application/json, text/plain, */*
Accept-Encoding: gzip, deflate, br
Accept-Language: ru-RU, ru; q=0.9, en-US; q=0.8, en; q=0.7
Host: localhost:51289
Referer: http://localhost:4200/
User-Agent: Mozilla/5.0 (Windows NT 10.0; Win64; x64) AppleWebKit/537.36 (KHTML, like Gecko) Chrome/64.0.3282.167 Safari/537.36
Origin: http://localhost:4200

2018-02-15 16:56:20.0889 | TRACE | MediaShop.WebApi.Areas.Content.Controllers.Filters.LoggingFilterAttribute | executed: 21 ms, response: OK
2018-02-15 16:56:20.0889 | TRACE | MediaShop.WebApi.Areas.Content.Controllers.Filters.LoggingFilterAttribute | executed: 21 ms, response: OK
2018-02-15 16:56:47.2621 | TRACE | MediaShop.WebApi.Areas.Content.Controllers.Filters.LoggingFilterAttribute | method name: GetListOnSale, OS: Microsoft Windows NT 10.0.16299.0
2018-02-15 16:56:47.2621 | TRACE | MediaShop.WebApi.Areas.Content.Controllers.Filters.LoggingFilterAttribute | request: http://localhost:51289/api/product/GetListOnSale, Connection: keep-alive
Accept: application/json, text/plain, */*
Accept-Encoding: gzip, deflate, br
Accept-Language: ru-RU, ru; q=0.9, en-US; q=0.8, en; q=0.7
Host: localhost:51289
Referer: http://localhost:4200/
User-Agent: Mozilla/5.0 (Windows NT 10.0; Win64; x64) AppleWebKit/537.36 (KHTML, like Gecko) Chrome/64.0.3282.167 Safari/537.36
Origin: http://localhost:4200

2018-02-15 16:56:47.2621 | TRACE | MediaShop.WebApi.Areas.Content.Controllers.Filters.LoggingFilterAttribute | method name: GetListOnSale, OS: Microsoft Windows NT 10.0.16299.0
2018-02-15 16:56:47.2621 | TRACE | MediaShop.WebApi.Areas.Content.Controllers.Filters.LoggingFilterAttribute | request: http://localhost:51289/api/product/GetListOnSale, Connection: keep-alive
Accept: application/json, text/plain, */*
Accept-Encoding: gzip, deflate, br
Accept-Language: ru-RU, ru; q=0.9, en-US; q=0.8, en; q=0.7
Host: localhost:51289
Referer: http://localhost:4200/
User-Agent: Mozilla/5.0 (Windows NT 10.0; Win64; x64) AppleWebKit/537.36 (KHTML, like Gecko) Chrome/64.0.3282.167 Safari/537.36
Origin: http://localhost:4200

2018-02-15 16:56:47.3102 | TRACE | MediaShop.WebApi.Areas.Content.Controllers.Filters.LoggingFilterAttribute | executed: 45 ms, response: OK
2018-02-15 16:56:47.3102 | TRACE | MediaShop.WebApi.Areas.Content.Controllers.Filters.LoggingFilterAttribute | executed: 45 ms, response: OK
2018-02-15 16:59:27.0003 | TRACE | MediaShop.WebApi.Areas.Content.Controllers.Filters.LoggingFilterAttribute | method name: GetListOnSale, OS: Microsoft Windows NT 10.0.16299.0
2018-02-15 16:59:27.0003 | TRACE | MediaShop.WebApi.Areas.Content.Controllers.Filters.LoggingFilterAttribute | request: http://localhost:51289/api/product/GetListOnSale, Connection: keep-alive
Accept: application/json, text/plain, */*
Accept-Encoding: gzip, deflate, br
Accept-Language: ru-RU, ru; q=0.9, en-US; q=0.8, en; q=0.7
Host: localhost:51289
Referer: http://localhost:4200/
User-Agent: Mozilla/5.0 (Windows NT 10.0; Win64; x64) AppleWebKit/537.36 (KHTML, like Gecko) Chrome/64.0.3282.167 Safari/537.36
Origin: http://localhost:4200

2018-02-15 16:59:27.0003 | TRACE | MediaShop.WebApi.Areas.Content.Controllers.Filters.LoggingFilterAttribute | method name: GetListOnSale, OS: Microsoft Windows NT 10.0.16299.0
2018-02-15 16:59:27.0003 | TRACE | MediaShop.WebApi.Areas.Content.Controllers.Filters.LoggingFilterAttribute | request: http://localhost:51289/api/product/GetListOnSale, Connection: keep-alive
Accept: application/json, text/plain, */*
Accept-Encoding: gzip, deflate, br
Accept-Language: ru-RU, ru; q=0.9, en-US; q=0.8, en; q=0.7
Host: localhost:51289
Referer: http://localhost:4200/
User-Agent: Mozilla/5.0 (Windows NT 10.0; Win64; x64) AppleWebKit/537.36 (KHTML, like Gecko) Chrome/64.0.3282.167 Safari/537.36
Origin: http://localhost:4200

2018-02-15 16:59:27.0469 | TRACE | MediaShop.WebApi.Areas.Content.Controllers.Filters.LoggingFilterAttribute | executed: 42 ms, response: OK
2018-02-15 16:59:27.0469 | TRACE | MediaShop.WebApi.Areas.Content.Controllers.Filters.LoggingFilterAttribute | executed: 42 ms, response: OK
2018-02-15 17:00:32.6247 | TRACE | MediaShop.WebApi.Areas.Content.Controllers.Filters.LoggingFilterAttribute | method name: GetListOnSale, OS: Microsoft Windows NT 10.0.16299.0
2018-02-15 17:00:32.6247 | TRACE | MediaShop.WebApi.Areas.Content.Controllers.Filters.LoggingFilterAttribute | request: http://localhost:51289/api/product/GetListOnSale, Connection: keep-alive
Accept: application/json, text/plain, */*
Accept-Encoding: gzip, deflate, br
Accept-Language: ru-RU, ru; q=0.9, en-US; q=0.8, en; q=0.7
Host: localhost:51289
Referer: http://localhost:4200/
User-Agent: Mozilla/5.0 (Windows NT 10.0; Win64; x64) AppleWebKit/537.36 (KHTML, like Gecko) Chrome/64.0.3282.167 Safari/537.36
Origin: http://localhost:4200

2018-02-15 17:00:32.6247 | TRACE | MediaShop.WebApi.Areas.Content.Controllers.Filters.LoggingFilterAttribute | method name: GetListOnSale, OS: Microsoft Windows NT 10.0.16299.0
2018-02-15 17:00:32.6247 | TRACE | MediaShop.WebApi.Areas.Content.Controllers.Filters.LoggingFilterAttribute | request: http://localhost:51289/api/product/GetListOnSale, Connection: keep-alive
Accept: application/json, text/plain, */*
Accept-Encoding: gzip, deflate, br
Accept-Language: ru-RU, ru; q=0.9, en-US; q=0.8, en; q=0.7
Host: localhost:51289
Referer: http://localhost:4200/
User-Agent: Mozilla/5.0 (Windows NT 10.0; Win64; x64) AppleWebKit/537.36 (KHTML, like Gecko) Chrome/64.0.3282.167 Safari/537.36
Origin: http://localhost:4200

2018-02-15 17:00:32.6438 | TRACE | MediaShop.WebApi.Areas.Content.Controllers.Filters.LoggingFilterAttribute | executed: 15 ms, response: OK
2018-02-15 17:00:32.6438 | TRACE | MediaShop.WebApi.Areas.Content.Controllers.Filters.LoggingFilterAttribute | executed: 15 ms, response: OK
2018-02-15 17:01:42.8663 | TRACE | MediaShop.WebApi.Areas.Content.Controllers.Filters.LoggingFilterAttribute | method name: GetListOnSale, OS: Microsoft Windows NT 10.0.16299.0
2018-02-15 17:01:42.8663 | TRACE | MediaShop.WebApi.Areas.Content.Controllers.Filters.LoggingFilterAttribute | request: http://localhost:51289/api/product/GetListOnSale, Connection: keep-alive
Accept: application/json, text/plain, */*
Accept-Encoding: gzip, deflate, br
Accept-Language: ru-RU, ru; q=0.9, en-US; q=0.8, en; q=0.7
Host: localhost:51289
Referer: http://localhost:4200/
User-Agent: Mozilla/5.0 (Windows NT 10.0; Win64; x64) AppleWebKit/537.36 (KHTML, like Gecko) Chrome/64.0.3282.167 Safari/537.36
Origin: http://localhost:4200

2018-02-15 17:01:42.8663 | TRACE | MediaShop.WebApi.Areas.Content.Controllers.Filters.LoggingFilterAttribute | method name: GetListOnSale, OS: Microsoft Windows NT 10.0.16299.0
2018-02-15 17:01:42.8663 | TRACE | MediaShop.WebApi.Areas.Content.Controllers.Filters.LoggingFilterAttribute | request: http://localhost:51289/api/product/GetListOnSale, Connection: keep-alive
Accept: application/json, text/plain, */*
Accept-Encoding: gzip, deflate, br
Accept-Language: ru-RU, ru; q=0.9, en-US; q=0.8, en; q=0.7
Host: localhost:51289
Referer: http://localhost:4200/
User-Agent: Mozilla/5.0 (Windows NT 10.0; Win64; x64) AppleWebKit/537.36 (KHTML, like Gecko) Chrome/64.0.3282.167 Safari/537.36
Origin: http://localhost:4200

2018-02-15 17:01:42.8879 | TRACE | MediaShop.WebApi.Areas.Content.Controllers.Filters.LoggingFilterAttribute | executed: 16 ms, response: OK
2018-02-15 17:01:42.8879 | TRACE | MediaShop.WebApi.Areas.Content.Controllers.Filters.LoggingFilterAttribute | executed: 16 ms, response: OK
2018-02-15 17:02:12.8917 | TRACE | MediaShop.WebApi.Areas.Content.Controllers.Filters.LoggingFilterAttribute | method name: GetListOnSale, OS: Microsoft Windows NT 10.0.16299.0
2018-02-15 17:02:12.8917 | TRACE | MediaShop.WebApi.Areas.Content.Controllers.Filters.LoggingFilterAttribute | request: http://localhost:51289/api/product/GetListOnSale, Connection: keep-alive
Accept: application/json, text/plain, */*
Accept-Encoding: gzip, deflate, br
Accept-Language: ru-RU, ru; q=0.9, en-US; q=0.8, en; q=0.7
Host: localhost:51289
Referer: http://localhost:4200/
User-Agent: Mozilla/5.0 (Windows NT 10.0; Win64; x64) AppleWebKit/537.36 (KHTML, like Gecko) Chrome/64.0.3282.167 Safari/537.36
Origin: http://localhost:4200

2018-02-15 17:02:12.8917 | TRACE | MediaShop.WebApi.Areas.Content.Controllers.Filters.LoggingFilterAttribute | method name: GetListOnSale, OS: Microsoft Windows NT 10.0.16299.0
2018-02-15 17:02:12.8917 | TRACE | MediaShop.WebApi.Areas.Content.Controllers.Filters.LoggingFilterAttribute | request: http://localhost:51289/api/product/GetListOnSale, Connection: keep-alive
Accept: application/json, text/plain, */*
Accept-Encoding: gzip, deflate, br
Accept-Language: ru-RU, ru; q=0.9, en-US; q=0.8, en; q=0.7
Host: localhost:51289
Referer: http://localhost:4200/
User-Agent: Mozilla/5.0 (Windows NT 10.0; Win64; x64) AppleWebKit/537.36 (KHTML, like Gecko) Chrome/64.0.3282.167 Safari/537.36
Origin: http://localhost:4200

2018-02-15 17:02:12.9078 | TRACE | MediaShop.WebApi.Areas.Content.Controllers.Filters.LoggingFilterAttribute | executed: 12 ms, response: OK
2018-02-15 17:02:12.9078 | TRACE | MediaShop.WebApi.Areas.Content.Controllers.Filters.LoggingFilterAttribute | executed: 12 ms, response: OK
2018-02-15 17:03:05.1915 | TRACE | MediaShop.WebApi.Areas.Content.Controllers.Filters.LoggingFilterAttribute | method name: GetListOnSale, OS: Microsoft Windows NT 10.0.16299.0
2018-02-15 17:03:05.1915 | TRACE | MediaShop.WebApi.Areas.Content.Controllers.Filters.LoggingFilterAttribute | request: http://localhost:51289/api/product/GetListOnSale, Connection: keep-alive
Accept: application/json, text/plain, */*
Accept-Encoding: gzip, deflate, br
Accept-Language: ru-RU, ru; q=0.9, en-US; q=0.8, en; q=0.7
Host: localhost:51289
Referer: http://localhost:4200/
User-Agent: Mozilla/5.0 (Windows NT 10.0; Win64; x64) AppleWebKit/537.36 (KHTML, like Gecko) Chrome/64.0.3282.167 Safari/537.36
Origin: http://localhost:4200

2018-02-15 17:03:05.1915 | TRACE | MediaShop.WebApi.Areas.Content.Controllers.Filters.LoggingFilterAttribute | method name: GetListOnSale, OS: Microsoft Windows NT 10.0.16299.0
2018-02-15 17:03:05.1945 | TRACE | MediaShop.WebApi.Areas.Content.Controllers.Filters.LoggingFilterAttribute | request: http://localhost:51289/api/product/GetListOnSale, Connection: keep-alive
Accept: application/json, text/plain, */*
Accept-Encoding: gzip, deflate, br
Accept-Language: ru-RU, ru; q=0.9, en-US; q=0.8, en; q=0.7
Host: localhost:51289
Referer: http://localhost:4200/
User-Agent: Mozilla/5.0 (Windows NT 10.0; Win64; x64) AppleWebKit/537.36 (KHTML, like Gecko) Chrome/64.0.3282.167 Safari/537.36
Origin: http://localhost:4200

2018-02-15 17:03:05.2461 | TRACE | MediaShop.WebApi.Areas.Content.Controllers.Filters.LoggingFilterAttribute | executed: 52 ms, response: OK
2018-02-15 17:03:05.2461 | TRACE | MediaShop.WebApi.Areas.Content.Controllers.Filters.LoggingFilterAttribute | executed: 52 ms, response: OK
2018-02-15 17:03:37.5115 | TRACE | MediaShop.WebApi.Areas.Content.Controllers.Filters.LoggingFilterAttribute | method name: GetListOnSale, OS: Microsoft Windows NT 10.0.16299.0
2018-02-15 17:03:37.5115 | TRACE | MediaShop.WebApi.Areas.Content.Controllers.Filters.LoggingFilterAttribute | request: http://localhost:51289/api/product/GetListOnSale, Connection: keep-alive
Accept: application/json, text/plain, */*
Accept-Encoding: gzip, deflate, br
Accept-Language: ru-RU, ru; q=0.9, en-US; q=0.8, en; q=0.7
Host: localhost:51289
Referer: http://localhost:4200/
User-Agent: Mozilla/5.0 (Windows NT 10.0; Win64; x64) AppleWebKit/537.36 (KHTML, like Gecko) Chrome/64.0.3282.167 Safari/537.36
Origin: http://localhost:4200

2018-02-15 17:03:37.5115 | TRACE | MediaShop.WebApi.Areas.Content.Controllers.Filters.LoggingFilterAttribute | method name: GetListOnSale, OS: Microsoft Windows NT 10.0.16299.0
2018-02-15 17:03:37.5115 | TRACE | MediaShop.WebApi.Areas.Content.Controllers.Filters.LoggingFilterAttribute | request: http://localhost:51289/api/product/GetListOnSale, Connection: keep-alive
Accept: application/json, text/plain, */*
Accept-Encoding: gzip, deflate, br
Accept-Language: ru-RU, ru; q=0.9, en-US; q=0.8, en; q=0.7
Host: localhost:51289
Referer: http://localhost:4200/
User-Agent: Mozilla/5.0 (Windows NT 10.0; Win64; x64) AppleWebKit/537.36 (KHTML, like Gecko) Chrome/64.0.3282.167 Safari/537.36
Origin: http://localhost:4200

2018-02-15 17:03:37.5246 | TRACE | MediaShop.WebApi.Areas.Content.Controllers.Filters.LoggingFilterAttribute | executed: 10 ms, response: OK
2018-02-15 17:03:37.5246 | TRACE | MediaShop.WebApi.Areas.Content.Controllers.Filters.LoggingFilterAttribute | executed: 10 ms, response: OK
2018-02-15 17:03:49.5797 | TRACE | MediaShop.WebApi.Areas.Content.Controllers.Filters.LoggingFilterAttribute | method name: GetListOnSale, OS: Microsoft Windows NT 10.0.16299.0
2018-02-15 17:03:49.5797 | TRACE | MediaShop.WebApi.Areas.Content.Controllers.Filters.LoggingFilterAttribute | request: http://localhost:51289/api/product/GetListOnSale, Connection: keep-alive
Accept: application/json, text/plain, */*
Accept-Encoding: gzip, deflate, br
Accept-Language: ru-RU, ru; q=0.9, en-US; q=0.8, en; q=0.7
Host: localhost:51289
Referer: http://localhost:4200/
User-Agent: Mozilla/5.0 (Windows NT 10.0; Win64; x64) AppleWebKit/537.36 (KHTML, like Gecko) Chrome/64.0.3282.167 Safari/537.36
Origin: http://localhost:4200

2018-02-15 17:03:49.5797 | TRACE | MediaShop.WebApi.Areas.Content.Controllers.Filters.LoggingFilterAttribute | method name: GetListOnSale, OS: Microsoft Windows NT 10.0.16299.0
2018-02-15 17:03:49.5797 | TRACE | MediaShop.WebApi.Areas.Content.Controllers.Filters.LoggingFilterAttribute | request: http://localhost:51289/api/product/GetListOnSale, Connection: keep-alive
Accept: application/json, text/plain, */*
Accept-Encoding: gzip, deflate, br
Accept-Language: ru-RU, ru; q=0.9, en-US; q=0.8, en; q=0.7
Host: localhost:51289
Referer: http://localhost:4200/
User-Agent: Mozilla/5.0 (Windows NT 10.0; Win64; x64) AppleWebKit/537.36 (KHTML, like Gecko) Chrome/64.0.3282.167 Safari/537.36
Origin: http://localhost:4200

2018-02-15 17:03:49.6123 | TRACE | MediaShop.WebApi.Areas.Content.Controllers.Filters.LoggingFilterAttribute | executed: 29 ms, response: OK
2018-02-15 17:03:49.6123 | TRACE | MediaShop.WebApi.Areas.Content.Controllers.Filters.LoggingFilterAttribute | executed: 29 ms, response: OK
2018-02-15 17:04:07.3786 | TRACE | MediaShop.WebApi.Areas.Content.Controllers.Filters.LoggingFilterAttribute | method name: GetListOnSale, OS: Microsoft Windows NT 10.0.16299.0
2018-02-15 17:04:07.3786 | TRACE | MediaShop.WebApi.Areas.Content.Controllers.Filters.LoggingFilterAttribute | request: http://localhost:51289/api/product/GetListOnSale, Connection: keep-alive
Accept: application/json, text/plain, */*
Accept-Encoding: gzip, deflate, br
Accept-Language: ru-RU, ru; q=0.9, en-US; q=0.8, en; q=0.7
Host: localhost:51289
Referer: http://localhost:4200/
User-Agent: Mozilla/5.0 (Windows NT 10.0; Win64; x64) AppleWebKit/537.36 (KHTML, like Gecko) Chrome/64.0.3282.167 Safari/537.36
Origin: http://localhost:4200

2018-02-15 17:04:07.3786 | TRACE | MediaShop.WebApi.Areas.Content.Controllers.Filters.LoggingFilterAttribute | method name: GetListOnSale, OS: Microsoft Windows NT 10.0.16299.0
2018-02-15 17:04:07.3786 | TRACE | MediaShop.WebApi.Areas.Content.Controllers.Filters.LoggingFilterAttribute | request: http://localhost:51289/api/product/GetListOnSale, Connection: keep-alive
Accept: application/json, text/plain, */*
Accept-Encoding: gzip, deflate, br
Accept-Language: ru-RU, ru; q=0.9, en-US; q=0.8, en; q=0.7
Host: localhost:51289
Referer: http://localhost:4200/
User-Agent: Mozilla/5.0 (Windows NT 10.0; Win64; x64) AppleWebKit/537.36 (KHTML, like Gecko) Chrome/64.0.3282.167 Safari/537.36
Origin: http://localhost:4200

2018-02-15 17:04:07.3936 | TRACE | MediaShop.WebApi.Areas.Content.Controllers.Filters.LoggingFilterAttribute | executed: 13 ms, response: OK
2018-02-15 17:04:07.3936 | TRACE | MediaShop.WebApi.Areas.Content.Controllers.Filters.LoggingFilterAttribute | executed: 13 ms, response: OK
2018-02-15 17:13:55.5951 | TRACE | MediaShop.WebApi.Areas.Content.Controllers.Filters.LoggingFilterAttribute | method name: GetListOnSale, OS: Microsoft Windows NT 10.0.16299.0
2018-02-15 17:13:55.5951 | TRACE | MediaShop.WebApi.Areas.Content.Controllers.Filters.LoggingFilterAttribute | request: http://localhost:51289/api/product/GetListOnSale, Connection: keep-alive
Accept: application/json, text/plain, */*
Accept-Encoding: gzip, deflate, br
Accept-Language: ru-RU, ru; q=0.9, en-US; q=0.8, en; q=0.7
Host: localhost:51289
Referer: http://localhost:4200/
User-Agent: Mozilla/5.0 (Windows NT 10.0; Win64; x64) AppleWebKit/537.36 (KHTML, like Gecko) Chrome/64.0.3282.167 Safari/537.36
Origin: http://localhost:4200

2018-02-15 17:13:55.5951 | TRACE | MediaShop.WebApi.Areas.Content.Controllers.Filters.LoggingFilterAttribute | method name: GetListOnSale, OS: Microsoft Windows NT 10.0.16299.0
2018-02-15 17:13:55.5951 | TRACE | MediaShop.WebApi.Areas.Content.Controllers.Filters.LoggingFilterAttribute | request: http://localhost:51289/api/product/GetListOnSale, Connection: keep-alive
Accept: application/json, text/plain, */*
Accept-Encoding: gzip, deflate, br
Accept-Language: ru-RU, ru; q=0.9, en-US; q=0.8, en; q=0.7
Host: localhost:51289
Referer: http://localhost:4200/
User-Agent: Mozilla/5.0 (Windows NT 10.0; Win64; x64) AppleWebKit/537.36 (KHTML, like Gecko) Chrome/64.0.3282.167 Safari/537.36
Origin: http://localhost:4200

2018-02-15 17:13:55.6262 | TRACE | MediaShop.WebApi.Areas.Content.Controllers.Filters.LoggingFilterAttribute | executed: 29 ms, response: OK
2018-02-15 17:13:55.6262 | TRACE | MediaShop.WebApi.Areas.Content.Controllers.Filters.LoggingFilterAttribute | executed: 29 ms, response: OK
2018-02-15 17:14:52.2574 | TRACE | MediaShop.WebApi.Areas.Content.Controllers.Filters.LoggingFilterAttribute | method name: GetListOnSale, OS: Microsoft Windows NT 10.0.16299.0
2018-02-15 17:14:52.2574 | TRACE | MediaShop.WebApi.Areas.Content.Controllers.Filters.LoggingFilterAttribute | request: http://localhost:51289/api/product/GetListOnSale, Connection: keep-alive
Accept: application/json, text/plain, */*
Accept-Encoding: gzip, deflate, br
Accept-Language: ru-RU, ru; q=0.9, en-US; q=0.8, en; q=0.7
Host: localhost:51289
Referer: http://localhost:4200/
User-Agent: Mozilla/5.0 (Windows NT 10.0; Win64; x64) AppleWebKit/537.36 (KHTML, like Gecko) Chrome/64.0.3282.167 Safari/537.36
Origin: http://localhost:4200

2018-02-15 17:14:52.2574 | TRACE | MediaShop.WebApi.Areas.Content.Controllers.Filters.LoggingFilterAttribute | method name: GetListOnSale, OS: Microsoft Windows NT 10.0.16299.0
2018-02-15 17:14:52.2574 | TRACE | MediaShop.WebApi.Areas.Content.Controllers.Filters.LoggingFilterAttribute | request: http://localhost:51289/api/product/GetListOnSale, Connection: keep-alive
Accept: application/json, text/plain, */*
Accept-Encoding: gzip, deflate, br
Accept-Language: ru-RU, ru; q=0.9, en-US; q=0.8, en; q=0.7
Host: localhost:51289
Referer: http://localhost:4200/
User-Agent: Mozilla/5.0 (Windows NT 10.0; Win64; x64) AppleWebKit/537.36 (KHTML, like Gecko) Chrome/64.0.3282.167 Safari/537.36
Origin: http://localhost:4200

2018-02-15 17:14:52.2574 | TRACE | MediaShop.WebApi.Areas.Content.Controllers.Filters.LoggingFilterAttribute | executed: 10 ms, response: OK
2018-02-15 17:14:52.2574 | TRACE | MediaShop.WebApi.Areas.Content.Controllers.Filters.LoggingFilterAttribute | executed: 10 ms, response: OK
2018-02-15 17:15:03.7899 | TRACE | MediaShop.WebApi.Areas.Content.Controllers.Filters.LoggingFilterAttribute | method name: GetListOnSale, OS: Microsoft Windows NT 10.0.16299.0
2018-02-15 17:15:03.7899 | TRACE | MediaShop.WebApi.Areas.Content.Controllers.Filters.LoggingFilterAttribute | request: http://localhost:51289/api/product/GetListOnSale, Connection: keep-alive
Accept: application/json, text/plain, */*
Accept-Encoding: gzip, deflate, br
Accept-Language: ru-RU, ru; q=0.9, en-US; q=0.8, en; q=0.7
Host: localhost:51289
Referer: http://localhost:4200/
User-Agent: Mozilla/5.0 (Windows NT 10.0; Win64; x64) AppleWebKit/537.36 (KHTML, like Gecko) Chrome/64.0.3282.167 Safari/537.36
Origin: http://localhost:4200

2018-02-15 17:15:03.7899 | TRACE | MediaShop.WebApi.Areas.Content.Controllers.Filters.LoggingFilterAttribute | method name: GetListOnSale, OS: Microsoft Windows NT 10.0.16299.0
2018-02-15 17:15:03.7899 | TRACE | MediaShop.WebApi.Areas.Content.Controllers.Filters.LoggingFilterAttribute | request: http://localhost:51289/api/product/GetListOnSale, Connection: keep-alive
Accept: application/json, text/plain, */*
Accept-Encoding: gzip, deflate, br
Accept-Language: ru-RU, ru; q=0.9, en-US; q=0.8, en; q=0.7
Host: localhost:51289
Referer: http://localhost:4200/
User-Agent: Mozilla/5.0 (Windows NT 10.0; Win64; x64) AppleWebKit/537.36 (KHTML, like Gecko) Chrome/64.0.3282.167 Safari/537.36
Origin: http://localhost:4200

2018-02-15 17:15:03.8050 | TRACE | MediaShop.WebApi.Areas.Content.Controllers.Filters.LoggingFilterAttribute | executed: 12 ms, response: OK
2018-02-15 17:15:03.8050 | TRACE | MediaShop.WebApi.Areas.Content.Controllers.Filters.LoggingFilterAttribute | executed: 12 ms, response: OK
2018-02-15 17:44:27.2956 | TRACE | MediaShop.WebApi.Areas.Content.Controllers.Filters.LoggingFilterAttribute | method name: GetListOnSale, OS: Microsoft Windows NT 10.0.16299.0
2018-02-15 17:44:27.2956 | TRACE | MediaShop.WebApi.Areas.Content.Controllers.Filters.LoggingFilterAttribute | request: http://localhost:51289/api/product/GetListOnSale, Connection: keep-alive
Accept: application/json, text/plain, */*
Accept-Encoding: gzip, deflate, br
Accept-Language: ru-RU, ru; q=0.9, en-US; q=0.8, en; q=0.7
Host: localhost:51289
Referer: http://localhost:4200/
User-Agent: Mozilla/5.0 (Windows NT 10.0; Win64; x64) AppleWebKit/537.36 (KHTML, like Gecko) Chrome/64.0.3282.167 Safari/537.36
Origin: http://localhost:4200

2018-02-15 17:44:27.2956 | TRACE | MediaShop.WebApi.Areas.Content.Controllers.Filters.LoggingFilterAttribute | method name: GetListOnSale, OS: Microsoft Windows NT 10.0.16299.0
2018-02-15 17:44:27.2956 | TRACE | MediaShop.WebApi.Areas.Content.Controllers.Filters.LoggingFilterAttribute | request: http://localhost:51289/api/product/GetListOnSale, Connection: keep-alive
Accept: application/json, text/plain, */*
Accept-Encoding: gzip, deflate, br
Accept-Language: ru-RU, ru; q=0.9, en-US; q=0.8, en; q=0.7
Host: localhost:51289
Referer: http://localhost:4200/
User-Agent: Mozilla/5.0 (Windows NT 10.0; Win64; x64) AppleWebKit/537.36 (KHTML, like Gecko) Chrome/64.0.3282.167 Safari/537.36
Origin: http://localhost:4200

2018-02-15 17:44:27.3282 | TRACE | MediaShop.WebApi.Areas.Content.Controllers.Filters.LoggingFilterAttribute | executed: 30 ms, response: OK
2018-02-15 17:44:27.3282 | TRACE | MediaShop.WebApi.Areas.Content.Controllers.Filters.LoggingFilterAttribute | executed: 30 ms, response: OK
2018-02-15 17:45:01.4743 | TRACE | MediaShop.WebApi.Areas.Content.Controllers.Filters.LoggingFilterAttribute | method name: GetListOnSale, OS: Microsoft Windows NT 10.0.16299.0
2018-02-15 17:45:01.4763 | TRACE | MediaShop.WebApi.Areas.Content.Controllers.Filters.LoggingFilterAttribute | request: http://localhost:51289/api/product/GetListOnSale, Connection: keep-alive
Accept: application/json
Accept-Encoding: gzip, deflate, br
Accept-Language: ru-RU, ru; q=0.9, en-US; q=0.8, en; q=0.7
Host: localhost:51289
Referer: http://localhost:51289/swagger/ui/index
User-Agent: Mozilla/5.0 (Windows NT 10.0; Win64; x64) AppleWebKit/537.36 (KHTML, like Gecko) Chrome/64.0.3282.167 Safari/537.36

2018-02-15 17:45:01.4763 | TRACE | MediaShop.WebApi.Areas.Content.Controllers.Filters.LoggingFilterAttribute | method name: GetListOnSale, OS: Microsoft Windows NT 10.0.16299.0
2018-02-15 17:45:01.4763 | TRACE | MediaShop.WebApi.Areas.Content.Controllers.Filters.LoggingFilterAttribute | request: http://localhost:51289/api/product/GetListOnSale, Connection: keep-alive
Accept: application/json
Accept-Encoding: gzip, deflate, br
Accept-Language: ru-RU, ru; q=0.9, en-US; q=0.8, en; q=0.7
Host: localhost:51289
Referer: http://localhost:51289/swagger/ui/index
User-Agent: Mozilla/5.0 (Windows NT 10.0; Win64; x64) AppleWebKit/537.36 (KHTML, like Gecko) Chrome/64.0.3282.167 Safari/537.36

2018-02-15 17:45:01.4763 | TRACE | MediaShop.WebApi.Areas.Content.Controllers.Filters.LoggingFilterAttribute | executed: 12 ms, response: OK
2018-02-15 17:45:01.4913 | TRACE | MediaShop.WebApi.Areas.Content.Controllers.Filters.LoggingFilterAttribute | executed: 12 ms, response: OK
2018-02-15 17:45:24.9342 | TRACE | MediaShop.WebApi.Areas.Content.Controllers.Filters.LoggingFilterAttribute | method name: GetListOnSale, OS: Microsoft Windows NT 10.0.16299.0
2018-02-15 17:45:24.9342 | TRACE | MediaShop.WebApi.Areas.Content.Controllers.Filters.LoggingFilterAttribute | request: http://localhost:51289/api/product/GetListOnSale, Connection: keep-alive
Accept: application/json, text/plain, */*
Accept-Encoding: gzip, deflate, br
Accept-Language: ru-RU, ru; q=0.9, en-US; q=0.8, en; q=0.7
Host: localhost:51289
Referer: http://localhost:4200/
User-Agent: Mozilla/5.0 (Windows NT 10.0; Win64; x64) AppleWebKit/537.36 (KHTML, like Gecko) Chrome/64.0.3282.167 Safari/537.36
Origin: http://localhost:4200

2018-02-15 17:45:24.9342 | TRACE | MediaShop.WebApi.Areas.Content.Controllers.Filters.LoggingFilterAttribute | method name: GetListOnSale, OS: Microsoft Windows NT 10.0.16299.0
2018-02-15 17:45:24.9342 | TRACE | MediaShop.WebApi.Areas.Content.Controllers.Filters.LoggingFilterAttribute | request: http://localhost:51289/api/product/GetListOnSale, Connection: keep-alive
Accept: application/json, text/plain, */*
Accept-Encoding: gzip, deflate, br
Accept-Language: ru-RU, ru; q=0.9, en-US; q=0.8, en; q=0.7
Host: localhost:51289
Referer: http://localhost:4200/
User-Agent: Mozilla/5.0 (Windows NT 10.0; Win64; x64) AppleWebKit/537.36 (KHTML, like Gecko) Chrome/64.0.3282.167 Safari/537.36
Origin: http://localhost:4200

2018-02-15 17:45:24.9492 | TRACE | MediaShop.WebApi.Areas.Content.Controllers.Filters.LoggingFilterAttribute | executed: 10 ms, response: OK
2018-02-15 17:45:24.9492 | TRACE | MediaShop.WebApi.Areas.Content.Controllers.Filters.LoggingFilterAttribute | executed: 10 ms, response: OK
2018-02-15 17:45:31.3116 | TRACE | MediaShop.WebApi.Areas.Content.Controllers.Filters.LoggingFilterAttribute | method name: GetListOnSale, OS: Microsoft Windows NT 10.0.16299.0
2018-02-15 17:45:31.3116 | TRACE | MediaShop.WebApi.Areas.Content.Controllers.Filters.LoggingFilterAttribute | request: http://localhost:51289/api/product/GetListOnSale, Connection: keep-alive
Accept: application/json, text/plain, */*
Accept-Encoding: gzip, deflate, br
Accept-Language: ru-RU, ru; q=0.9, en-US; q=0.8, en; q=0.7
Host: localhost:51289
Referer: http://localhost:4200/
User-Agent: Mozilla/5.0 (Windows NT 10.0; Win64; x64) AppleWebKit/537.36 (KHTML, like Gecko) Chrome/64.0.3282.167 Safari/537.36
Origin: http://localhost:4200

2018-02-15 17:45:31.3116 | TRACE | MediaShop.WebApi.Areas.Content.Controllers.Filters.LoggingFilterAttribute | method name: GetListOnSale, OS: Microsoft Windows NT 10.0.16299.0
2018-02-15 17:45:31.3116 | TRACE | MediaShop.WebApi.Areas.Content.Controllers.Filters.LoggingFilterAttribute | request: http://localhost:51289/api/product/GetListOnSale, Connection: keep-alive
Accept: application/json, text/plain, */*
Accept-Encoding: gzip, deflate, br
Accept-Language: ru-RU, ru; q=0.9, en-US; q=0.8, en; q=0.7
Host: localhost:51289
Referer: http://localhost:4200/
User-Agent: Mozilla/5.0 (Windows NT 10.0; Win64; x64) AppleWebKit/537.36 (KHTML, like Gecko) Chrome/64.0.3282.167 Safari/537.36
Origin: http://localhost:4200

2018-02-15 17:45:31.3222 | TRACE | MediaShop.WebApi.Areas.Content.Controllers.Filters.LoggingFilterAttribute | executed: 7 ms, response: OK
2018-02-15 17:45:31.3222 | TRACE | MediaShop.WebApi.Areas.Content.Controllers.Filters.LoggingFilterAttribute | executed: 7 ms, response: OK
2018-02-15 17:45:56.1923 | TRACE | MediaShop.WebApi.Areas.Content.Controllers.Filters.LoggingFilterAttribute | method name: GetListOnSale, OS: Microsoft Windows NT 10.0.16299.0
2018-02-15 17:45:56.1943 | TRACE | MediaShop.WebApi.Areas.Content.Controllers.Filters.LoggingFilterAttribute | request: http://localhost:51289/api/product/GetListOnSale, Connection: keep-alive
Accept: application/json, text/plain, */*
Accept-Encoding: gzip, deflate, br
Accept-Language: ru-RU, ru; q=0.9, en-US; q=0.8, en; q=0.7
Host: localhost:51289
Referer: http://localhost:4200/
User-Agent: Mozilla/5.0 (Windows NT 10.0; Win64; x64) AppleWebKit/537.36 (KHTML, like Gecko) Chrome/64.0.3282.167 Safari/537.36
Origin: http://localhost:4200

2018-02-15 17:45:56.1943 | TRACE | MediaShop.WebApi.Areas.Content.Controllers.Filters.LoggingFilterAttribute | method name: GetListOnSale, OS: Microsoft Windows NT 10.0.16299.0
2018-02-15 17:45:56.1943 | TRACE | MediaShop.WebApi.Areas.Content.Controllers.Filters.LoggingFilterAttribute | request: http://localhost:51289/api/product/GetListOnSale, Connection: keep-alive
Accept: application/json, text/plain, */*
Accept-Encoding: gzip, deflate, br
Accept-Language: ru-RU, ru; q=0.9, en-US; q=0.8, en; q=0.7
Host: localhost:51289
Referer: http://localhost:4200/
User-Agent: Mozilla/5.0 (Windows NT 10.0; Win64; x64) AppleWebKit/537.36 (KHTML, like Gecko) Chrome/64.0.3282.167 Safari/537.36
Origin: http://localhost:4200

2018-02-15 17:45:56.1943 | TRACE | MediaShop.WebApi.Areas.Content.Controllers.Filters.LoggingFilterAttribute | executed: 10 ms, response: OK
2018-02-15 17:45:56.1943 | TRACE | MediaShop.WebApi.Areas.Content.Controllers.Filters.LoggingFilterAttribute | executed: 10 ms, response: OK
2018-02-15 17:46:26.3282 | TRACE | MediaShop.WebApi.Areas.Content.Controllers.Filters.LoggingFilterAttribute | method name: GetListOnSale, OS: Microsoft Windows NT 10.0.16299.0
2018-02-15 17:46:26.3282 | TRACE | MediaShop.WebApi.Areas.Content.Controllers.Filters.LoggingFilterAttribute | request: http://localhost:51289/api/product/GetListOnSale, Connection: keep-alive
Accept: application/json, text/plain, */*
Accept-Encoding: gzip, deflate, br
Accept-Language: ru-RU, ru; q=0.9, en-US; q=0.8, en; q=0.7
Host: localhost:51289
Referer: http://localhost:4200/
User-Agent: Mozilla/5.0 (Windows NT 10.0; Win64; x64) AppleWebKit/537.36 (KHTML, like Gecko) Chrome/64.0.3282.167 Safari/537.36
Origin: http://localhost:4200

2018-02-15 17:46:26.3282 | TRACE | MediaShop.WebApi.Areas.Content.Controllers.Filters.LoggingFilterAttribute | method name: GetListOnSale, OS: Microsoft Windows NT 10.0.16299.0
2018-02-15 17:46:26.3282 | TRACE | MediaShop.WebApi.Areas.Content.Controllers.Filters.LoggingFilterAttribute | request: http://localhost:51289/api/product/GetListOnSale, Connection: keep-alive
Accept: application/json, text/plain, */*
Accept-Encoding: gzip, deflate, br
Accept-Language: ru-RU, ru; q=0.9, en-US; q=0.8, en; q=0.7
Host: localhost:51289
Referer: http://localhost:4200/
User-Agent: Mozilla/5.0 (Windows NT 10.0; Win64; x64) AppleWebKit/537.36 (KHTML, like Gecko) Chrome/64.0.3282.167 Safari/537.36
Origin: http://localhost:4200

2018-02-15 17:46:26.3453 | TRACE | MediaShop.WebApi.Areas.Content.Controllers.Filters.LoggingFilterAttribute | executed: 13 ms, response: OK
2018-02-15 17:46:26.3453 | TRACE | MediaShop.WebApi.Areas.Content.Controllers.Filters.LoggingFilterAttribute | executed: 13 ms, response: OK
2018-02-15 17:46:45.5314 | TRACE | MediaShop.WebApi.Areas.Content.Controllers.Filters.LoggingFilterAttribute | method name: GetListOnSale, OS: Microsoft Windows NT 10.0.16299.0
2018-02-15 17:46:45.5314 | TRACE | MediaShop.WebApi.Areas.Content.Controllers.Filters.LoggingFilterAttribute | request: http://localhost:51289/api/product/GetListOnSale, Connection: keep-alive
Accept: application/json, text/plain, */*
Accept-Encoding: gzip, deflate, br
Accept-Language: ru-RU, ru; q=0.9, en-US; q=0.8, en; q=0.7
Host: localhost:51289
Referer: http://localhost:4200/
User-Agent: Mozilla/5.0 (Windows NT 10.0; Win64; x64) AppleWebKit/537.36 (KHTML, like Gecko) Chrome/64.0.3282.167 Safari/537.36
Origin: http://localhost:4200

2018-02-15 17:46:45.5314 | TRACE | MediaShop.WebApi.Areas.Content.Controllers.Filters.LoggingFilterAttribute | method name: GetListOnSale, OS: Microsoft Windows NT 10.0.16299.0
2018-02-15 17:46:45.5314 | TRACE | MediaShop.WebApi.Areas.Content.Controllers.Filters.LoggingFilterAttribute | request: http://localhost:51289/api/product/GetListOnSale, Connection: keep-alive
Accept: application/json, text/plain, */*
Accept-Encoding: gzip, deflate, br
Accept-Language: ru-RU, ru; q=0.9, en-US; q=0.8, en; q=0.7
Host: localhost:51289
Referer: http://localhost:4200/
User-Agent: Mozilla/5.0 (Windows NT 10.0; Win64; x64) AppleWebKit/537.36 (KHTML, like Gecko) Chrome/64.0.3282.167 Safari/537.36
Origin: http://localhost:4200

2018-02-15 17:46:45.5464 | TRACE | MediaShop.WebApi.Areas.Content.Controllers.Filters.LoggingFilterAttribute | executed: 12 ms, response: OK
2018-02-15 17:46:45.5464 | TRACE | MediaShop.WebApi.Areas.Content.Controllers.Filters.LoggingFilterAttribute | executed: 12 ms, response: OK
2018-02-15 17:48:05.0419 | TRACE | MediaShop.WebApi.Areas.Content.Controllers.Filters.LoggingFilterAttribute | method name: GetListOnSale, OS: Microsoft Windows NT 10.0.16299.0
2018-02-15 17:48:05.0419 | TRACE | MediaShop.WebApi.Areas.Content.Controllers.Filters.LoggingFilterAttribute | request: http://localhost:51289/api/product/GetListOnSale, Connection: keep-alive
Accept: application/json, text/plain, */*
Accept-Encoding: gzip, deflate, br
Accept-Language: ru-RU, ru; q=0.9, en-US; q=0.8, en; q=0.7
Host: localhost:51289
Referer: http://localhost:4200/
User-Agent: Mozilla/5.0 (Windows NT 10.0; Win64; x64) AppleWebKit/537.36 (KHTML, like Gecko) Chrome/64.0.3282.167 Safari/537.36
Origin: http://localhost:4200

2018-02-15 17:48:05.0419 | TRACE | MediaShop.WebApi.Areas.Content.Controllers.Filters.LoggingFilterAttribute | method name: GetListOnSale, OS: Microsoft Windows NT 10.0.16299.0
2018-02-15 17:48:05.0419 | TRACE | MediaShop.WebApi.Areas.Content.Controllers.Filters.LoggingFilterAttribute | request: http://localhost:51289/api/product/GetListOnSale, Connection: keep-alive
Accept: application/json, text/plain, */*
Accept-Encoding: gzip, deflate, br
Accept-Language: ru-RU, ru; q=0.9, en-US; q=0.8, en; q=0.7
Host: localhost:51289
Referer: http://localhost:4200/
User-Agent: Mozilla/5.0 (Windows NT 10.0; Win64; x64) AppleWebKit/537.36 (KHTML, like Gecko) Chrome/64.0.3282.167 Safari/537.36
Origin: http://localhost:4200

2018-02-15 17:48:05.0775 | TRACE | MediaShop.WebApi.Areas.Content.Controllers.Filters.LoggingFilterAttribute | executed: 32 ms, response: OK
2018-02-15 17:48:05.0775 | TRACE | MediaShop.WebApi.Areas.Content.Controllers.Filters.LoggingFilterAttribute | executed: 32 ms, response: OK
2018-02-15 17:48:10.1300 | TRACE | MediaShop.WebApi.Areas.Content.Controllers.Filters.LoggingFilterAttribute | method name: GetListOnSale, OS: Microsoft Windows NT 10.0.16299.0
2018-02-15 17:48:10.1300 | TRACE | MediaShop.WebApi.Areas.Content.Controllers.Filters.LoggingFilterAttribute | request: http://localhost:51289/api/product/GetListOnSale, Connection: keep-alive
Accept: application/json, text/plain, */*
Accept-Encoding: gzip, deflate, br
Accept-Language: ru-RU, ru; q=0.9, en-US; q=0.8, en; q=0.7
Host: localhost:51289
Referer: http://localhost:4200/
User-Agent: Mozilla/5.0 (Windows NT 10.0; Win64; x64) AppleWebKit/537.36 (KHTML, like Gecko) Chrome/64.0.3282.167 Safari/537.36
Origin: http://localhost:4200

2018-02-15 17:48:10.1330 | TRACE | MediaShop.WebApi.Areas.Content.Controllers.Filters.LoggingFilterAttribute | method name: GetListOnSale, OS: Microsoft Windows NT 10.0.16299.0
2018-02-15 17:48:10.1330 | TRACE | MediaShop.WebApi.Areas.Content.Controllers.Filters.LoggingFilterAttribute | request: http://localhost:51289/api/product/GetListOnSale, Connection: keep-alive
Accept: application/json, text/plain, */*
Accept-Encoding: gzip, deflate, br
Accept-Language: ru-RU, ru; q=0.9, en-US; q=0.8, en; q=0.7
Host: localhost:51289
Referer: http://localhost:4200/
User-Agent: Mozilla/5.0 (Windows NT 10.0; Win64; x64) AppleWebKit/537.36 (KHTML, like Gecko) Chrome/64.0.3282.167 Safari/537.36
Origin: http://localhost:4200

2018-02-15 17:48:10.1516 | TRACE | MediaShop.WebApi.Areas.Content.Controllers.Filters.LoggingFilterAttribute | executed: 18 ms, response: OK
2018-02-15 17:48:10.1516 | TRACE | MediaShop.WebApi.Areas.Content.Controllers.Filters.LoggingFilterAttribute | executed: 18 ms, response: OK
2018-02-15 17:48:16.8757 | TRACE | MediaShop.WebApi.Areas.Content.Controllers.Filters.LoggingFilterAttribute | method name: GetListOnSale, OS: Microsoft Windows NT 10.0.16299.0
2018-02-15 17:48:16.8757 | TRACE | MediaShop.WebApi.Areas.Content.Controllers.Filters.LoggingFilterAttribute | request: http://localhost:51289/api/product/GetListOnSale, Connection: keep-alive
Accept: application/json, text/plain, */*
Accept-Encoding: gzip, deflate, br
Accept-Language: ru-RU, ru; q=0.9, en-US; q=0.8, en; q=0.7
Host: localhost:51289
Referer: http://localhost:4200/
User-Agent: Mozilla/5.0 (Windows NT 10.0; Win64; x64) AppleWebKit/537.36 (KHTML, like Gecko) Chrome/64.0.3282.167 Safari/537.36
Origin: http://localhost:4200

2018-02-15 17:48:16.8757 | TRACE | MediaShop.WebApi.Areas.Content.Controllers.Filters.LoggingFilterAttribute | method name: GetListOnSale, OS: Microsoft Windows NT 10.0.16299.0
2018-02-15 17:48:16.8757 | TRACE | MediaShop.WebApi.Areas.Content.Controllers.Filters.LoggingFilterAttribute | request: http://localhost:51289/api/product/GetListOnSale, Connection: keep-alive
Accept: application/json, text/plain, */*
Accept-Encoding: gzip, deflate, br
Accept-Language: ru-RU, ru; q=0.9, en-US; q=0.8, en; q=0.7
Host: localhost:51289
Referer: http://localhost:4200/
User-Agent: Mozilla/5.0 (Windows NT 10.0; Win64; x64) AppleWebKit/537.36 (KHTML, like Gecko) Chrome/64.0.3282.167 Safari/537.36
Origin: http://localhost:4200

2018-02-15 17:48:16.8908 | TRACE | MediaShop.WebApi.Areas.Content.Controllers.Filters.LoggingFilterAttribute | executed: 12 ms, response: OK
2018-02-15 17:48:16.8908 | TRACE | MediaShop.WebApi.Areas.Content.Controllers.Filters.LoggingFilterAttribute | executed: 12 ms, response: OK
2018-02-15 17:48:24.7302 | TRACE | MediaShop.WebApi.Areas.Content.Controllers.Filters.LoggingFilterAttribute | method name: GetListOnSale, OS: Microsoft Windows NT 10.0.16299.0
2018-02-15 17:48:24.7302 | TRACE | MediaShop.WebApi.Areas.Content.Controllers.Filters.LoggingFilterAttribute | request: http://localhost:51289/api/product/GetListOnSale, Connection: keep-alive
Accept: application/json, text/plain, */*
Accept-Encoding: gzip, deflate, br
Accept-Language: ru-RU, ru; q=0.9, en-US; q=0.8, en; q=0.7
Host: localhost:51289
Referer: http://localhost:4200/
User-Agent: Mozilla/5.0 (Windows NT 10.0; Win64; x64) AppleWebKit/537.36 (KHTML, like Gecko) Chrome/64.0.3282.167 Safari/537.36
Origin: http://localhost:4200

2018-02-15 17:48:24.7302 | TRACE | MediaShop.WebApi.Areas.Content.Controllers.Filters.LoggingFilterAttribute | method name: GetListOnSale, OS: Microsoft Windows NT 10.0.16299.0
2018-02-15 17:48:24.7302 | TRACE | MediaShop.WebApi.Areas.Content.Controllers.Filters.LoggingFilterAttribute | request: http://localhost:51289/api/product/GetListOnSale, Connection: keep-alive
Accept: application/json, text/plain, */*
Accept-Encoding: gzip, deflate, br
Accept-Language: ru-RU, ru; q=0.9, en-US; q=0.8, en; q=0.7
Host: localhost:51289
Referer: http://localhost:4200/
User-Agent: Mozilla/5.0 (Windows NT 10.0; Win64; x64) AppleWebKit/537.36 (KHTML, like Gecko) Chrome/64.0.3282.167 Safari/537.36
Origin: http://localhost:4200

2018-02-15 17:48:24.7468 | TRACE | MediaShop.WebApi.Areas.Content.Controllers.Filters.LoggingFilterAttribute | executed: 13 ms, response: OK
2018-02-15 17:48:24.7468 | TRACE | MediaShop.WebApi.Areas.Content.Controllers.Filters.LoggingFilterAttribute | executed: 13 ms, response: OK
2018-02-15 17:48:30.5483 | TRACE | MediaShop.WebApi.Areas.Content.Controllers.Filters.LoggingFilterAttribute | method name: GetListOnSale, OS: Microsoft Windows NT 10.0.16299.0
2018-02-15 17:48:30.5483 | TRACE | MediaShop.WebApi.Areas.Content.Controllers.Filters.LoggingFilterAttribute | request: http://localhost:51289/api/product/GetListOnSale, Connection: keep-alive
Accept: application/json, text/plain, */*
Accept-Encoding: gzip, deflate, br
Accept-Language: ru-RU, ru; q=0.9, en-US; q=0.8, en; q=0.7
Host: localhost:51289
Referer: http://localhost:4200/
User-Agent: Mozilla/5.0 (Windows NT 10.0; Win64; x64) AppleWebKit/537.36 (KHTML, like Gecko) Chrome/64.0.3282.167 Safari/537.36
Origin: http://localhost:4200

2018-02-15 17:48:30.5483 | TRACE | MediaShop.WebApi.Areas.Content.Controllers.Filters.LoggingFilterAttribute | method name: GetListOnSale, OS: Microsoft Windows NT 10.0.16299.0
2018-02-15 17:48:30.5483 | TRACE | MediaShop.WebApi.Areas.Content.Controllers.Filters.LoggingFilterAttribute | request: http://localhost:51289/api/product/GetListOnSale, Connection: keep-alive
Accept: application/json, text/plain, */*
Accept-Encoding: gzip, deflate, br
Accept-Language: ru-RU, ru; q=0.9, en-US; q=0.8, en; q=0.7
Host: localhost:51289
Referer: http://localhost:4200/
User-Agent: Mozilla/5.0 (Windows NT 10.0; Win64; x64) AppleWebKit/537.36 (KHTML, like Gecko) Chrome/64.0.3282.167 Safari/537.36
Origin: http://localhost:4200

2018-02-15 17:48:30.5643 | TRACE | MediaShop.WebApi.Areas.Content.Controllers.Filters.LoggingFilterAttribute | executed: 13 ms, response: OK
2018-02-15 17:48:30.5643 | TRACE | MediaShop.WebApi.Areas.Content.Controllers.Filters.LoggingFilterAttribute | executed: 13 ms, response: OK
